<?xml version="1.0" encoding="UTF-8"?>
<!-- Generated by org.testng.reporters.JUnitXMLReporter -->
<testsuite ignored="0" hostname="DESKTOP-I0292P0" failures="0" tests="8" name="Test" time="490.364" errors="0" timestamp="2024-08-08T17:45:41 IST">
  <testcase classname="test.TC001_signup" name="Test1" time="12.169"/>
  <testcase classname="test.TC002_Login" name="Test1" time="4.394"/>
  <testcase classname="test.TC002_Login" name="Test1" time="5.128"/>
  <testcase classname="test.TC002_Login" name="Test1" time="3.713"/>
  <testcase classname="test.TC002_Login" name="Test1" time="5.237"/>
  <testcase classname="test.TC003_OnewayFlight" name="Test1" time="123.857"/>
  <testcase classname="test.TC004_RoundTrip" name="Test1" time="80.218"/>
  <testcase classname="test.TC005_FieldCheck" name="Test1" time="4.277"/>
</testsuite> <!-- Test -->
