<?xml version="1.0" encoding="UTF-8"?>
<testng-results ignored="0" total="1" passed="1" failed="0" skipped="0">
  <reporter-output>
  </reporter-output>
  <suite started-at="2024-08-08T17:27:42 IST" name="Suite" finished-at="2024-08-08T17:29:03 IST" duration-ms="81349">
    <groups>
    </groups>
    <test started-at="2024-08-08T17:27:42 IST" name="Test" finished-at="2024-08-08T17:29:03 IST" duration-ms="81349">
      <class name="test.TC003_OnewayFlight">
        <test-method is-config="true" signature="launchingBrowser(java.lang.String,java.lang.String)[pri:0, instance:test.TC003_OnewayFlight@5c86dbc5]" started-at="2024-08-08T17:27:42 IST" name="launchingBrowser" finished-at="2024-08-08T17:28:09 IST" duration-ms="26995" status="PASS">
          <params>
            <param index="0">
              <value>
                <![CDATA[https://www.spicejet.com/]]>
              </value>
            </param>
            <param index="1">
              <value>
                <![CDATA[chrome]]>
              </value>
            </param>
          </params>
          <reporter-output>
          </reporter-output>
        </test-method> <!-- launchingBrowser -->
        <test-method signature="Test1()[pri:0, instance:test.TC003_OnewayFlight@5c86dbc5]" started-at="2024-08-08T17:28:09 IST" name="Test1" finished-at="2024-08-08T17:29:03 IST" duration-ms="54201" status="PASS">
          <reporter-output>
          </reporter-output>
        </test-method> <!-- Test1 -->
      </class> <!-- test.TC003_OnewayFlight -->
    </test> <!-- Test -->
  </suite> <!-- Suite -->
</testng-results>
